<?xml version="1.0" encoding="UTF-8"?>
<testsuite name="org.ober6.probes.AnalyzerServiceTest" tests="2" skipped="0" failures="0" errors="0" timestamp="2025-09-11T12:41:39.133Z" hostname="MICHAELASUS" time="0.038">
  <properties/>
  <testcase name="testNormalFlowNoCache()" classname="org.ober6.probes.AnalyzerServiceTest" time="0.033"/>
  <testcase name="testSensorNotFound()" classname="org.ober6.probes.AnalyzerServiceTest" time="0.002"/>
  <system-out><![CDATA[]]></system-out>
  <system-err><![CDATA[]]></system-err>
</testsuite>
